----------------------------------------------------------------------------------------------------------------------------------------------------------------------------------
      name:  <unnamed>
       log:  C:\Users\Jairam Ayyar\Downloads\CMSE_2025\cms_e_2025_replication.log
  log type:  text
 opened on:   9 Jun 2026, 19:14:54

. 
. 
. 
. putpdf begin

. 
. putpdf paragraph

. 
. putpdf text ("Replication: NSS Report No. 595, CMS: E, 2025")

. 
. 
. 
. 
. 
. * Setup - Person-Level Data

. 
. 
. 
. import delimited "CMSE80PER25.csv", clear
(encoding automatically selected: ISO-8859-1)
(38 vars, 221,617 obs)

. 
. 
. 
. svyset fsu_serial_no [pw=mult], strata(stratum)

Sampling weights: mult
             VCE: linearized
      Subpop. df: off
     Single unit: missing
        Strata 1: stratum
 Sampling unit 1: fsu_serial_no
           FPC 1: <zero>

. 
. 
. 
. label define sec_lbl 1 "Rural" 2 "Urban"

. 
. label values sector sec_lbl

. 
. 
. 
. label define gen_lbl 1 "Male" 2 "Female" 3 "Transgender"

. 
. label values gender gen_lbl

. 
. 
. 
. keep if currently_enrolled_school == 1
(163,875 observations deleted)

. 
. keep if age >= 3 & age <= 35
(0 observations deleted)

. 
. 
. 
. recode school_type (4 5 = 4)
(99 changes made to school_type)

. 
. label define school_lbl 1 "Government" 2 "Private aided" 3 "Private unaided (rec)" 4 "Others", replace

. 
. label values school_type school_lbl

. 
. 
. 
. recode enrolment_level (15 = 0) (1/5 = 1) (6/8 = 2) (9/10 13 = 3) (11/12 14 = 4), gen(enrol_group)
(50,715 differences between enrolment_level and enrol_group)

. 
. label define enrol_grp_lbl 0 "Pre-primary" 1 "Primary" 2 "Middle" 3 "Secondary" 4 "Higher Secondary"

. 
. label values enrol_group enrol_grp_lbl

. 
. 
. 
. 
. 
. * Key Finding 1 - Distribution of Students by School Type

. 
. 
. 
. putpdf paragraph

. 
. putpdf text ("Key Finding 1: Distribution of Students by School Type")

. 
. 
. 
. svy: tabulate school_type sector, column percent format(%7.1f)
(running tabulate on estimation sample)

Number of strata =   108                      Number of obs   =         57,742
Number of PSUs   = 4,343                      Population size = 24,226,645,026
                                              Design df       =          4,235

-------------------------------
school_ty |       sector       
pe        | Rural  Urban  Total
----------+--------------------
 Governme |  66.0   30.1   55.9
  Private |   8.9   17.6   11.3
  Private |  24.3   51.4   31.9
   Others |   0.7    1.0    0.8
          | 
    Total | 100.0  100.0  100.0
-------------------------------
Key: Column percentage

  Pearson:
    Uncorrected   chi2(3)         = 6160.6128
    Design-based  F(., .)         =         .     P =      .

Note: Missing test statistics because of stratum with single sampling unit.

. 
. 
. 
. svy: tabulate school_type if sector == 1, percent format(%7.1f)
(running tabulate on estimation sample)

Number of strata =   101                      Number of obs   =         32,654
Number of PSUs   = 2,372                      Population size = 17,428,659,401
                                              Design df       =          2,271

----------------------
school_ty |
pe        | percentage
----------+-----------
 Governme |       66.0
  Private |        8.9
  Private |       24.3
   Others |        0.7
          | 
    Total |      100.0
----------------------
Key: percentage = Cell percentage

. 
. graph hbar (percent) [pw=mult] if sector == 1, over(school_type) title("Rural: Distribution by School Type") ytitle("") yscale(off) b1title("% of students") blabel(bar, format(
> %4.1f)) bar(1, color(blue)) bar(2, color(cranberry)) bar(3, color(green)) bar(4, color(gold)) name(rural_chart, replace)

. 
. 
. 
. svy: tabulate school_type if sector == 2, percent format(%7.1f)
(running tabulate on estimation sample)

Number of strata =    81                       Number of obs   =        25,088
Number of PSUs   = 1,971                       Population size = 6,797,985,625
                                               Design df       =         1,890

----------------------
school_ty |
pe        | percentage
----------+-----------
 Governme |       30.1
  Private |       17.6
  Private |       51.4
   Others |        1.0
          | 
    Total |      100.0
----------------------
Key: percentage = Cell percentage

. 
. graph hbar (percent) [pw=mult] if sector == 2, over(school_type) title("Urban: Distribution by School Type") ytitle("") yscale(off) b1title("% of students") blabel(bar, format(
> %4.1f)) bar(1, color(blue)) bar(2, color(cranberry)) bar(3, color(green)) bar(4, color(gold)) name(urban_chart, replace)

. 
. 
. 
. graph combine rural_chart urban_chart, title("Distribution of Students by School Type") ysize(4) xsize(8)

. 
. graph export "finding1_school_type.png", replace
file finding1_school_type.png saved as PNG format

. 
. putpdf image "finding1_school_type.png", width(6)

. 
. 
. 
. 
. 
. * Key Finding 2 - Expenditure on School Education

. 
. * Codes 13 and 14 excluded - including them increased discrepancy with report targets

. 
. 
. 
. putpdf paragraph

. 
. putpdf text ("Key Finding 2: Expenditure on School Education")

. 
. 
. 
. replace school_exp_total = 0 if school_expenditure_incurred == 2
(1,883 real changes made)

. 
. replace hostel_fee_expenditure = 0 if missing(hostel_fee_expenditure)
(57,272 real changes made)

. 
. gen total_school_exp = school_exp_total + hostel_fee_expenditure

. 
. 
. 
. gen reported_course_fee = (school_exp_course_fee > 0 & !missing(school_exp_course_fee))

. 
. gen course_fee_pct = reported_course_fee * 100

. 
. 
. 
. svy: mean course_fee_pct if !inlist(enrolment_level, 13, 14), over(enrol_group)
(running mean on estimation sample)

Survey: Mean estimation

Number of strata =   108                      Number of obs   =         57,397
Number of PSUs   = 4,341                      Population size = 24,123,732,941
                                              Design df       =          4,233

------------------------------------------------------------------------------
                             |             Linearized
                             |       Mean   std. err.     [95% conf. interval]
-----------------------------+------------------------------------------------
c.course_fee_pct@enrol_group |
                Pre-primary  |   46.15972          .             .           .
                    Primary  |   47.71401          .             .           .
                     Middle  |   52.60485          .             .           .
                  Secondary  |   76.11172          .             .           .
           Higher Secondary  |    85.6876          .             .           .
------------------------------------------------------------------------------
Note: Missing standard errors because of stratum with single sampling unit.

. 
. graph hbar (mean) course_fee_pct [pw=mult] if !inlist(enrolment_level, 13, 14), over(enrol_group) title("Course Fee by Enrolment Level") ytitle("") yscale(off) b1title("% of st
> udents") blabel(bar, format(%4.1f)) name(fee_level, replace)

. 
. 
. 
. svy: mean course_fee_pct if !inlist(enrolment_level, 13, 14), over(school_type)
(running mean on estimation sample)

Survey: Mean estimation

Number of strata =   108                      Number of obs   =         57,397
Number of PSUs   = 4,341                      Population size = 24,123,732,941
                                              Design df       =          4,233

------------------------------------------------------------------------------
                             |             Linearized
                             |       Mean   std. err.     [95% conf. interval]
-----------------------------+------------------------------------------------
c.course_fee_pct@school_type |
                 Government  |   26.43994          .             .           .
              Private aided  |   89.07487          .             .           .
      Private unaided (rec)  |    98.1082          .             .           .
                     Others  |   92.17572          .             .           .
------------------------------------------------------------------------------
Note: Missing standard errors because of stratum with single sampling unit.

. 
. graph hbar (mean) course_fee_pct [pw=mult] if !inlist(enrolment_level, 13, 14), over(school_type) title("Course Fee by School Type") ytitle("") yscale(off) b1title("% of studen
> ts") blabel(bar, format(%4.1f)) name(fee_school, replace)

. 
. 
. 
. graph combine fee_level fee_school, title("Expenditure on School Education") ysize(4) xsize(8)

. 
. graph export "finding2_course_fee.png", replace
file finding2_course_fee.png saved as PNG format

. 
. putpdf image "finding2_course_fee.png", width(6)

. 
. 
. 
. svy: mean total_school_exp if !inlist(enrolment_level, 13, 14)
(running mean on estimation sample)

Survey: Mean estimation

Number of strata =   108          Number of obs   =         57,397
Number of PSUs   = 4,341          Population size = 24,123,732,941
                                  Design df       =          4,233

------------------------------------------------------------------
                 |             Linearized
                 |       Mean   std. err.     [95% conf. interval]
-----------------+------------------------------------------------
total_school_exp |   12684.27          .             .           .
------------------------------------------------------------------
Note: Missing standard error because of stratum with single
      sampling unit.

. 
. matrix b = e(b)

. 
. putpdf paragraph

. 
. putpdf text ("Avg expenditure overall: Rs. " + string(b[1,1], "%6.0f"))

. 
. 
. 
. svy: mean total_school_exp if !inlist(enrolment_level, 13, 14), over(school_type)
(running mean on estimation sample)

Survey: Mean estimation

Number of strata =   108                        Number of obs   =         57,397
Number of PSUs   = 4,341                        Population size = 24,123,732,941
                                                Design df       =          4,233

--------------------------------------------------------------------------------
                               |             Linearized
                               |       Mean   std. err.     [95% conf. interval]
-------------------------------+------------------------------------------------
c.total_school_exp@school_type |
                   Government  |   2861.423          .             .           .
                Private aided  |   15429.69          .             .           .
        Private unaided (rec)  |   28876.71          .             .           .
                       Others  |   14757.18          .             .           .
--------------------------------------------------------------------------------
Note: Missing standard errors because of stratum with single sampling unit.

. 
. matrix b = e(b)

. 
. putpdf paragraph

. 
. putpdf text ("Avg expenditure - Government: Rs. " + string(b[1,1], "%6.0f"))

. 
. putpdf paragraph

. 
. putpdf text ("Avg expenditure - Private aided: Rs. " + string(b[1,2], "%6.0f"))

. 
. putpdf paragraph

. 
. putpdf text ("Avg expenditure - Private unaided: Rs. " + string(b[1,3], "%6.0f"))

. 
. putpdf paragraph

. 
. putpdf text ("Avg expenditure - Others: Rs. " + string(b[1,4], "%6.0f"))

. 
. 
. 
. svy: mean total_school_exp if !inlist(enrolment_level, 13, 14), over(sector)
(running mean on estimation sample)

Survey: Mean estimation

Number of strata =   108                   Number of obs   =         57,397
Number of PSUs   = 4,341                   Population size = 24,123,732,941
                                           Design df       =          4,233

---------------------------------------------------------------------------
                          |             Linearized
                          |       Mean   std. err.     [95% conf. interval]
--------------------------+------------------------------------------------
c.total_school_exp@sector |
                   Rural  |   8380.186          .             .           .
                   Urban  |   23734.24          .             .           .
---------------------------------------------------------------------------
Note: Missing standard errors because of stratum with single sampling unit.

. 
. matrix b = e(b)

. 
. putpdf paragraph

. 
. putpdf text ("Avg expenditure - Rural: Rs. " + string(b[1,1], "%6.0f"))

. 
. putpdf paragraph

. 
. putpdf text ("Avg expenditure - Urban: Rs. " + string(b[1,2], "%6.0f"))

. 
. 
. 
. gen non_govt = (school_type != 1)

. 
. svy: mean total_school_exp if !inlist(enrolment_level, 13, 14) & sector == 1, over(non_govt)
(running mean on estimation sample)

Survey: Mean estimation

Number of strata =   101                     Number of obs   =         32,476
Number of PSUs   = 2,372                     Population size = 17,361,306,503
                                             Design df       =          2,271

-----------------------------------------------------------------------------
                            |             Linearized
                            |       Mean   std. err.     [95% conf. interval]
----------------------------+------------------------------------------------
c.total_school_exp@non_govt |
                         0  |   2610.303          .             .           .
                         1  |   19623.29          .             .           .
-----------------------------------------------------------------------------
Note: Missing standard errors because of stratum with single sampling unit.

. 
. matrix b = e(b)

. 
. putpdf paragraph

. 
. putpdf text ("Avg expenditure Rural - Govt: Rs. " + string(b[1,1], "%6.0f"))

. 
. putpdf paragraph

. 
. putpdf text ("Avg expenditure Rural - Non-govt: Rs. " + string(b[1,2], "%6.0f"))

. 
. 
. 
. svy: mean total_school_exp if !inlist(enrolment_level, 13, 14) & sector == 2, over(non_govt)
(running mean on estimation sample)

Survey: Mean estimation

Number of strata =    81                      Number of obs   =        24,921
Number of PSUs   = 1,969                      Population size = 6,762,426,438
                                              Design df       =         1,888

-----------------------------------------------------------------------------
                            |             Linearized
                            |       Mean   std. err.     [95% conf. interval]
----------------------------+------------------------------------------------
c.total_school_exp@non_govt |
                         0  |   4283.353   346.3313       3604.12    4962.585
                         1  |   32055.74   783.8007      30518.54    33592.95
-----------------------------------------------------------------------------

. 
. matrix b = e(b)

. 
. putpdf paragraph

. 
. putpdf text ("Avg expenditure Urban - Govt: Rs. " + string(b[1,1], "%6.0f"))

. 
. putpdf paragraph

. 
. putpdf text ("Avg expenditure Urban - Non-govt: Rs. " + string(b[1,2], "%6.0f"))

. 
. 
. 
. graph hbar (mean) total_school_exp [pw=mult] if !inlist(enrolment_level, 13, 14), over(school_type) title("Avg Expenditure per Student by School Type") ytitle("") yscale(off) b
> 1title("Expenditure (in Rs.)") blabel(bar, format(%6.0f)) bar(1, color(sand)) bar(2, color(sand)) bar(3, color(sand)) bar(4, color(sand)) name(exp_type, replace)

. 
. graph export "finding2_exp_by_school_type.png", replace
file finding2_exp_by_school_type.png saved as PNG format

. 
. putpdf image "finding2_exp_by_school_type.png", width(4)

. 
. 
. 
. 
. 
. * Key Finding 3 - Private Coaching

. 
. * Codes 13 and 14 included - including them removed discrepancy in secondary and higher secondary entirely

. 
. 
. 
. putpdf paragraph

. 
. putpdf text ("Key Finding 3: Private Coaching")

. 
. 
. 
. replace private_coaching_exp_total = 0 if received_private_coaching == 2
(42,812 real changes made)

. 
. replace private_coaching_exp_total = 0 if private_coaching_expenditure_inc == 2
(50 real changes made)

. 
. 
. 
. gen takes_coaching = (received_private_coaching == 1) if inlist(received_private_coaching, 1, 2)

. 
. gen coaching_pct = takes_coaching * 100

. 
. 
. 
. svy: mean coaching_pct
(running mean on estimation sample)

Survey: Mean estimation

Number of strata =   108      Number of obs   =         57,742
Number of PSUs   = 4,343      Population size = 24,226,645,026
                              Design df       =          4,235

--------------------------------------------------------------
             |             Linearized
             |       Mean   std. err.     [95% conf. interval]
-------------+------------------------------------------------
coaching_pct |   26.96362          .             .           .
--------------------------------------------------------------
Note: Missing standard error because of stratum with single
      sampling unit.

. 
. matrix b = e(b)

. 
. putpdf paragraph

. 
. putpdf text ("% taking coaching overall: " + string(b[1,1], "%4.1f") + "%")

. 
. 
. 
. svy: mean coaching_pct, over(sector)
(running mean on estimation sample)

Survey: Mean estimation

Number of strata =   108               Number of obs   =         57,742
Number of PSUs   = 4,343               Population size = 24,226,645,026
                                       Design df       =          4,235

-----------------------------------------------------------------------
                      |             Linearized
                      |       Mean   std. err.     [95% conf. interval]
----------------------+------------------------------------------------
c.coaching_pct@sector |
               Rural  |   25.50125          .             .           .
               Urban  |   30.71282          .             .           .
-----------------------------------------------------------------------
Note: Missing standard errors because of stratum with single sampling
      unit.

. 
. matrix b = e(b)

. 
. putpdf paragraph

. 
. putpdf text ("% taking coaching - Rural: " + string(b[1,1], "%4.1f") + "%")

. 
. putpdf paragraph

. 
. putpdf text ("% taking coaching - Urban: " + string(b[1,2], "%4.1f") + "%")

. 
. 
. 
. svy: mean coaching_pct, over(enrol_group)
(running mean on estimation sample)

Survey: Mean estimation

Number of strata =   108                    Number of obs   =         57,742
Number of PSUs   = 4,343                    Population size = 24,226,645,026
                                            Design df       =          4,235

----------------------------------------------------------------------------
                           |             Linearized
                           |       Mean   std. err.     [95% conf. interval]
---------------------------+------------------------------------------------
c.coaching_pct@enrol_group |
              Pre-primary  |   11.56246          .             .           .
                  Primary  |   22.89564          .             .           .
                   Middle  |   29.62056          .             .           .
                Secondary  |   37.77752          .             .           .
         Higher Secondary  |   36.96094          .             .           .
----------------------------------------------------------------------------
Note: Missing standard errors because of stratum with single sampling unit.

. 
. graph hbar (mean) coaching_pct [pw=mult], over(enrol_group) title("Private Coaching by Enrolment Level") ytitle("") yscale(off) b1title("% of students") blabel(bar, format(%4.1
> f)) name(coaching_level, replace)

. 
. graph export "finding3_coaching_by_level.png", replace
file finding3_coaching_by_level.png saved as PNG format

. 
. putpdf image "finding3_coaching_by_level.png", width(4)

. 
. 
. 
. svy: mean private_coaching_exp_total
(running mean on estimation sample)

Survey: Mean estimation

Number of strata =   108                    Number of obs   =         57,742
Number of PSUs   = 4,343                    Population size = 24,226,645,026
                                            Design df       =          4,235

----------------------------------------------------------------------------
                           |             Linearized
                           |       Mean   std. err.     [95% conf. interval]
---------------------------+------------------------------------------------
private_coaching_exp_total |   2409.318          .             .           .
----------------------------------------------------------------------------
Note: Missing standard error because of stratum with single sampling unit.

. 
. matrix b = e(b)

. 
. putpdf paragraph

. 
. putpdf text ("Avg coaching expenditure overall: Rs. " + string(b[1,1], "%6.0f"))

. 
. 
. 
. svy: mean private_coaching_exp_total, over(gender)
(running mean on estimation sample)

Survey: Mean estimation

Number of strata =   108                             Number of obs   =         57,742
Number of PSUs   = 4,343                             Population size = 24,226,645,026
                                                     Design df       =          4,235

-------------------------------------------------------------------------------------
                                    |             Linearized
                                    |       Mean   std. err.     [95% conf. interval]
------------------------------------+------------------------------------------------
c.private_coaching_exp_total@gender |
                              Male  |   2572.431          .             .           .
                            Female  |   2226.934          .             .           .
                       Transgender  |   2629.128          .             .           .
-------------------------------------------------------------------------------------
Note: Missing standard errors because of stratum with single sampling unit.

. 
. matrix b = e(b)

. 
. putpdf paragraph

. 
. putpdf text ("Avg coaching expenditure - Male: Rs. " + string(b[1,1], "%6.0f"))

. 
. putpdf paragraph

. 
. putpdf text ("Avg coaching expenditure - Female: Rs. " + string(b[1,2], "%6.0f"))

. 
. 
. 
. svy: mean private_coaching_exp_total if sector == 1, over(enrol_group)
(running mean on estimation sample)

Survey: Mean estimation

Number of strata =   101                                  Number of obs   =         32,654
Number of PSUs   = 2,372                                  Population size = 17,428,659,401
                                                          Design df       =          2,271

------------------------------------------------------------------------------------------
                                         |             Linearized
                                         |       Mean   std. err.     [95% conf. interval]
-----------------------------------------+------------------------------------------------
c.private_coaching_exp_total@enrol_group |
                            Pre-primary  |   419.9256          .             .           .
                                Primary  |   1039.435          .             .           .
                                 Middle  |    1745.26          .             .           .
                              Secondary  |   3158.972          .             .           .
                       Higher Secondary  |   4547.947          .             .           .
------------------------------------------------------------------------------------------
Note: Missing standard errors because of stratum with single sampling unit.

. 
. graph hbar (mean) private_coaching_exp_total [pw=mult] if sector == 1, over(enrol_group) title("Avg Coaching Expenditure by Level - Rural") ytitle("") yscale(off) b1title("Expe
> nditure (in Rs.)") blabel(bar, format(%6.0f)) bar(1, color(sand)) bar(2, color(sand)) bar(3, color(sand)) bar(4, color(sand)) bar(5, color(sand)) name(coaching_rural, replace)

. 
. 
. 
. svy: mean private_coaching_exp_total if sector == 2, over(enrol_group)
(running mean on estimation sample)

Survey: Mean estimation

Number of strata =    81                                   Number of obs   =        25,088
Number of PSUs   = 1,971                                   Population size = 6,797,985,625
                                                           Design df       =         1,890

------------------------------------------------------------------------------------------
                                         |             Linearized
                                         |       Mean   std. err.     [95% conf. interval]
-----------------------------------------+------------------------------------------------
c.private_coaching_exp_total@enrol_group |
                            Pre-primary  |   782.5938   83.59642      618.6428    946.5447
                                Primary  |   2107.643    119.059      1874.142    2341.144
                                 Middle  |   3326.185   228.4132      2878.216    3774.154
                              Secondary  |   6584.991   356.8034      5885.221    7284.761
                       Higher Secondary  |   9950.413   894.2754      8196.542    11704.28
------------------------------------------------------------------------------------------

. 
. graph hbar (mean) private_coaching_exp_total [pw=mult] if sector == 2, over(enrol_group) title("Avg Coaching Expenditure by Level - Urban") ytitle("") yscale(off) b1title("Expe
> nditure (in Rs.)") blabel(bar, format(%6.0f)) bar(1, color(sand)) bar(2, color(sand)) bar(3, color(sand)) bar(4, color(sand)) bar(5, color(sand)) name(coaching_urban, replace)

. 
. 
. 
. graph combine coaching_rural coaching_urban, title("Avg Coaching Expenditure by Enrolment Level") ysize(4) xsize(8)

. 
. graph export "finding3_coaching_exp_by_level.png", replace
file finding3_coaching_exp_by_level.png saved as PNG format

. 
. putpdf image "finding3_coaching_exp_by_level.png", width(6)

. 
. 
. 
. * Key Finding 4 - Sources of Funding

. 
. 
. 
. putpdf paragraph

. 
. putpdf text ("Key Finding 4: Sources of Funding")

. 
. 
. 
. gen single_source = (funding_source_2 == 99) if !missing(funding_source_1)
(1,714 missing values generated)

. 
. gen single_source_pct = single_source * 100
(1,714 missing values generated)

. 
. gen funded_by_household = (funding_source_1 == 2) if !missing(funding_source_1)
(1,714 missing values generated)

. 
. gen funded_by_household_pct = funded_by_household * 100
(1,714 missing values generated)

. 
. 
. 
. svy: mean funded_by_household_pct
(running mean on estimation sample)

Survey: Mean estimation

Number of strata =   108                 Number of obs   =         56,028
Number of PSUs   = 4,336                 Population size = 23,503,561,654
                                         Design df       =          4,228

-------------------------------------------------------------------------
                        |             Linearized
                        |       Mean   std. err.     [95% conf. interval]
------------------------+------------------------------------------------
funded_by_household_pct |   95.04532          .             .           .
-------------------------------------------------------------------------
Note: Missing standard error because of stratum with single sampling
      unit.

. 
. matrix b = e(b)

. 
. putpdf paragraph

. 
. putpdf text ("% funded by other household members (first major source): " + string(b[1,1], "%4.1f") + "%")

. 
. 
. 
. svy: mean single_source_pct if gender == 1 & sector == 1
(running mean on estimation sample)

Survey: Mean estimation

Number of strata =   101            Number of obs   =        16,802
Number of PSUs   = 2,363            Population size = 8,876,166,011
                                    Design df       =         2,262

-------------------------------------------------------------------
                  |             Linearized
                  |       Mean   std. err.     [95% conf. interval]
------------------+------------------------------------------------
single_source_pct |   91.13508          .             .           .
-------------------------------------------------------------------
Note: Missing standard error because of stratum with single
      sampling unit.

. 
. local m_rural = e(b)[1,1]

. 
. svy: mean single_source_pct if gender == 1 & sector == 2
(running mean on estimation sample)

Survey: Mean estimation

Number of strata =    81            Number of obs   =        13,056
Number of PSUs   = 1,960            Population size = 3,542,370,195
                                    Design df       =         1,879

-------------------------------------------------------------------
                  |             Linearized
                  |       Mean   std. err.     [95% conf. interval]
------------------+------------------------------------------------
single_source_pct |   93.07709   .8249676      91.45914    94.69504
-------------------------------------------------------------------

. 
. local m_urban = e(b)[1,1]

. 
. svy: mean single_source_pct if gender == 1
(running mean on estimation sample)

Survey: Mean estimation

Number of strata =   108           Number of obs   =         29,858
Number of PSUs   = 4,323           Population size = 12,418,536,206
                                   Design df       =          4,215

-------------------------------------------------------------------
                  |             Linearized
                  |       Mean   std. err.     [95% conf. interval]
------------------+------------------------------------------------
single_source_pct |   91.68904          .             .           .
-------------------------------------------------------------------
Note: Missing standard error because of stratum with single
      sampling unit.

. 
. local m_total = e(b)[1,1]

. 
. 
. 
. svy: mean single_source_pct if gender == 2 & sector == 1
(running mean on estimation sample)

Survey: Mean estimation

Number of strata =   101            Number of obs   =        14,590
Number of PSUs   = 2,353            Population size = 7,919,520,439
                                    Design df       =         2,252

-------------------------------------------------------------------
                  |             Linearized
                  |       Mean   std. err.     [95% conf. interval]
------------------+------------------------------------------------
single_source_pct |   90.84319          .             .           .
-------------------------------------------------------------------
Note: Missing standard error because of stratum with single
      sampling unit.

. 
. local f_rural = e(b)[1,1]

. 
. svy: mean single_source_pct if gender == 2 & sector == 2
(running mean on estimation sample)

Survey: Mean estimation

Number of strata =    81            Number of obs   =        11,521
Number of PSUs   = 1,952            Population size = 3,145,386,871
                                    Design df       =         1,871

-------------------------------------------------------------------
                  |             Linearized
                  |       Mean   std. err.     [95% conf. interval]
------------------+------------------------------------------------
single_source_pct |    91.3536   .8592552       89.6684     93.0388
-------------------------------------------------------------------

. 
. local f_urban = e(b)[1,1]

. 
. svy: mean single_source_pct if gender == 2
(running mean on estimation sample)

Survey: Mean estimation

Number of strata =   108           Number of obs   =         26,111
Number of PSUs   = 4,305           Population size = 11,064,907,310
                                   Design df       =          4,197

-------------------------------------------------------------------
                  |             Linearized
                  |       Mean   std. err.     [95% conf. interval]
------------------+------------------------------------------------
single_source_pct |   90.98828          .             .           .
-------------------------------------------------------------------
Note: Missing standard error because of stratum with single
      sampling unit.

. 
. local f_total = e(b)[1,1]

. 
. 
. 
. svy: mean single_source_pct if sector == 1
(running mean on estimation sample)

Survey: Mean estimation

Number of strata =   101           Number of obs   =         31,422
Number of PSUs   = 2,367           Population size = 16,809,258,221
                                   Design df       =          2,266

-------------------------------------------------------------------
                  |             Linearized
                  |       Mean   std. err.     [95% conf. interval]
------------------+------------------------------------------------
single_source_pct |   90.97899          .             .           .
-------------------------------------------------------------------
Note: Missing standard error because of stratum with single
      sampling unit.

. 
. local p_rural = e(b)[1,1]

. 
. svy: mean single_source_pct if sector == 2
(running mean on estimation sample)

Survey: Mean estimation

Number of strata =    81            Number of obs   =        24,606
Number of PSUs   = 1,969            Population size = 6,694,303,433
                                    Design df       =         1,888

-------------------------------------------------------------------
                  |             Linearized
                  |       Mean   std. err.     [95% conf. interval]
------------------+------------------------------------------------
single_source_pct |   92.25767   .7190579      90.84744     93.6679
-------------------------------------------------------------------

. 
. local p_urban = e(b)[1,1]

. 
. svy: mean single_source_pct
(running mean on estimation sample)

Survey: Mean estimation

Number of strata =   108           Number of obs   =         56,028
Number of PSUs   = 4,336           Population size = 23,503,561,654
                                   Design df       =          4,228

-------------------------------------------------------------------
                  |             Linearized
                  |       Mean   std. err.     [95% conf. interval]
------------------+------------------------------------------------
single_source_pct |   91.34318          .             .           .
-------------------------------------------------------------------
Note: Missing standard error because of stratum with single
      sampling unit.

. 
. local p_total = e(b)[1,1]

. 
. 
. 
. preserve

. 
. clear

. 
. 
. 
. set obs 3
Number of observations (_N) was 0, now 3.

. 
. gen x = .
(3 missing values generated)

. 
. gen rural = .
(3 missing values generated)

. 
. gen urban = .
(3 missing values generated)

. 
. gen total = .
(3 missing values generated)

. 
. 
. 
. replace x = 1 in 1
(1 real change made)

. 
. replace x = 2 in 2
(1 real change made)

. 
. replace x = 3 in 3
(1 real change made)

. 
. 
. 
. replace rural = `m_rural' in 1
(1 real change made)

. 
. replace urban = `m_urban' in 1
(1 real change made)

. 
. replace total = `m_total' in 1
(1 real change made)

. 
. 
. 
. replace rural = `f_rural' in 2
(1 real change made)

. 
. replace urban = `f_urban' in 2
(1 real change made)

. 
. replace total = `f_total' in 2
(1 real change made)

. 
. 
. 
. replace rural = `p_rural' in 3
(1 real change made)

. 
. replace urban = `p_urban' in 3
(1 real change made)

. 
. replace total = `p_total' in 3
(1 real change made)

. 
. 
. 
. graph bar rural urban total, over(x, relabel(1 "Male" 2 "Female" 3 "Person")) title("% with Single Source of Funding") ytitle("% of students") ylabel(80(4)96, angle(0)) blabel(
> bar, format(%4.1f)) bar(1, color(blue)) bar(2, color(orange)) bar(3, color(gray)) legend(order(1 "Rural" 2 "Urban" 3 "Rural+Urban"))

. 
. graph export "finding4_sources_funding.png", replace
file finding4_sources_funding.png saved as PNG format

. 
. restore

. 
. 
. 
. putpdf image "finding4_sources_funding.png", width(5)

. 
. 
. 
. * Key Finding 5 - Erstwhile Members Currently Attending School Education

. 
. 
. 
. putpdf paragraph

. 
. putpdf text ("Key Finding 5: Erstwhile Members Currently Attending School Education")

. 
. 
. 
. import delimited "CMSE80HH25.csv", clear
(encoding automatically selected: ISO-8859-1)
(31 vars, 52,085 obs)

. 
. 
. 
. svyset fsu_serial_no [pw=mult], strata(stratum)

Sampling weights: mult
             VCE: linearized
      Subpop. df: off
     Single unit: missing
        Strata 1: stratum
 Sampling unit 1: fsu_serial_no
           FPC 1: <zero>

. 
. 
. 
. label define sec_lbl 1 "Rural" 2 "Urban"

. 
. label values sector sec_lbl

. 
. 
. 
. gen has_erstwhile = (any_member_attending_school == 1) if !missing(any_member_attending_school)
(468 missing values generated)

. 
. gen has_erstwhile_pct = has_erstwhile * 100
(468 missing values generated)

. 
. 
. 
. svy: mean has_erstwhile_pct
(running mean on estimation sample)

Survey: Mean estimation

Number of strata =   109           Number of obs   =         51,617
Number of PSUs   = 4,363           Population size = 28,374,848,932
                                   Design df       =          4,254

-------------------------------------------------------------------
                  |             Linearized
                  |       Mean   std. err.     [95% conf. interval]
------------------+------------------------------------------------
has_erstwhile_pct |   1.314813          .             .           .
-------------------------------------------------------------------
Note: Missing standard error because of stratum with single
      sampling unit.

. 
. matrix b = e(b)

. 
. putpdf paragraph

. 
. putpdf text ("% households with erstwhile member attending school: " + string(b[1,1], "%4.1f") + "%")

. 
. 
. 
. svy: mean has_erstwhile_pct, over(sector)
(running mean on estimation sample)

Survey: Mean estimation

Number of strata =   109                    Number of obs   =         51,617
Number of PSUs   = 4,363                    Population size = 28,374,848,932
                                            Design df       =          4,254

----------------------------------------------------------------------------
                           |             Linearized
                           |       Mean   std. err.     [95% conf. interval]
---------------------------+------------------------------------------------
c.has_erstwhile_pct@sector |
                    Rural  |   1.709352          .             .           .
                    Urban  |   .6072746          .             .           .
----------------------------------------------------------------------------
Note: Missing standard errors because of stratum with single sampling unit.

. 
. matrix b = e(b)

. 
. putpdf paragraph

. 
. putpdf text ("% households - Rural: " + string(b[1,1], "%4.1f") + "%")

. 
. putpdf paragraph

. 
. putpdf text ("% households - Urban: " + string(b[1,2], "%4.1f") + "%")

. 
. 
. 
. import delimited "CMSE80PERST25.csv", clear
(encoding automatically selected: ISO-8859-1)
(28 vars, 1,675 obs)

. 
. 
. 
. svyset fsu_serial_no [pw=mult], strata(stratum)

Sampling weights: mult
             VCE: linearized
      Subpop. df: off
     Single unit: missing
        Strata 1: stratum
 Sampling unit 1: fsu_serial_no
           FPC 1: <zero>

. 
. 
. 
. label define sec_lbl 1 "Rural" 2 "Urban"

. 
. label values sector sec_lbl

. 
. 
. 
. replace total_education_expenditure = 0 if any_expenditure_incurred == 2
(228 real changes made)

. 
. 
. 
. collapse (sum) total_education_expenditure (first) mult sector stratum, by(fsu_serial_no second_stage_stratum_no sample_hhld_no)

. 
. 
. 
. svyset fsu_serial_no [pw=mult], strata(stratum)

Sampling weights: mult
             VCE: linearized
      Subpop. df: off
     Single unit: missing
        Strata 1: stratum
 Sampling unit 1: fsu_serial_no
           FPC 1: <zero>

. 
. 
. 
. label define sec_lbl 1 "Rural" 2 "Urban", replace

. 
. label values sector sec_lbl

. 
. 
. 
. svy: mean total_education_expenditure
(running mean on estimation sample)

Survey: Mean estimation

Number of strata =  68                          Number of obs   =       1,273
Number of PSUs   = 719                          Population size = 373,076,098
                                                Design df       =         651

-----------------------------------------------------------------------------
                            |             Linearized
                            |       Mean   std. err.     [95% conf. interval]
----------------------------+------------------------------------------------
total_education_expenditure |   35383.75          .             .           .
-----------------------------------------------------------------------------
Note: Missing standard error because of stratum with single sampling unit.

. 
. matrix b = e(b)

. 
. putpdf paragraph

. 
. putpdf text ("Avg expenditure on erstwhile member per household overall: Rs. " + string(b[1,1], "%6.0f"))

. 
. 
. 
. local total = e(b)[1,1]

. 
. 
. 
. svy: mean total_education_expenditure if sector == 1
(running mean on estimation sample)

Survey: Mean estimation

Number of strata =  56                          Number of obs   =         902
Number of PSUs   = 496                          Population size = 311,388,651
                                                Design df       =         440

-----------------------------------------------------------------------------
                            |             Linearized
                            |       Mean   std. err.     [95% conf. interval]
----------------------------+------------------------------------------------
total_education_expenditure |   32138.13          .             .           .
-----------------------------------------------------------------------------
Note: Missing standard error because of stratum with single sampling unit.

. 
. matrix b = e(b)

. 
. putpdf paragraph

. 
. putpdf text ("Avg expenditure - Rural: Rs. " + string(b[1,1], "%6.0f"))

. 
. local rural = e(b)[1,1]

. 
. 
. 
. svy: mean total_education_expenditure if sector == 2
(running mean on estimation sample)

Survey: Mean estimation

Number of strata =  53                           Number of obs   =        371
Number of PSUs   = 223                           Population size = 61,687,447
                                                 Design df       =        170

-----------------------------------------------------------------------------
                            |             Linearized
                            |       Mean   std. err.     [95% conf. interval]
----------------------------+------------------------------------------------
total_education_expenditure |   51767.11          .             .           .
-----------------------------------------------------------------------------
Note: Missing standard error because of stratum with single sampling unit.

. 
. matrix b = e(b)

. 
. putpdf paragraph

. 
. putpdf text ("Avg expenditure - Urban: Rs. " + string(b[1,1], "%6.0f"))

. 
. local urban = e(b)[1,1]

. 
. 
. 
. preserve

. 
. clear

. 
. set obs 3
Number of observations (_N) was 0, now 3.

. 
. gen sector_order = .
(3 missing values generated)

. 
. gen sector_lbl = ""
(3 missing values generated)

. 
. gen exp = .
(3 missing values generated)

. 
. 
. 
. replace sector_order = 1 in 1
(1 real change made)

. 
. replace sector_order = 2 in 2
(1 real change made)

. 
. replace sector_order = 3 in 3
(1 real change made)

. 
. 
. 
. replace sector_lbl = "Rural"       in 1
variable sector_lbl was str1 now str5
(1 real change made)

. 
. replace sector_lbl = "Urban"       in 2
(1 real change made)

. 
. replace sector_lbl = "Rural+Urban" in 3
variable sector_lbl was str5 now str11
(1 real change made)

. 
. 
. 
. replace exp = `rural' in 1
(1 real change made)

. 
. replace exp = `urban' in 2
(1 real change made)

. 
. replace exp = `total' in 3
(1 real change made)

. 
. 
. 
. graph bar exp, over(sector_order, relabel(1 "Rural" 2 "Urban" 3 "Rural+Urban")) title("Avg Expenditure on Erstwhile Member per Household") ytitle("Expenditure (in Rs.)") blabel
> (bar, format(%6.0f)) bar(1, color(blue)) bar(2, color(blue)) bar(3, color(blue)) name(erstwhile_exp, replace)

. 
. graph export "finding5_erstwhile_exp.png", replace
file finding5_erstwhile_exp.png saved as PNG format

. 
. restore

. 
. 
. 
. putpdf image "finding5_erstwhile_exp.png", width(4)

. 
. 
. 
. putpdf save "cms_e_2025_report.pdf", replace
successfully created "C:/Users/Jairam Ayyar/Downloads/CMSE_2025/cms_e_2025_report.pdf"

. 
. 
. 
. log close
      name:  <unnamed>
       log:  C:\Users\Jairam Ayyar\Downloads\CMSE_2025\cms_e_2025_replication.log
  log type:  text
 closed on:   9 Jun 2026, 19:15:11
----------------------------------------------------------------------------------------------------------------------------------------------------------------------------------
